\o Program:		@(#)$CDS: libManager version 6.1.8 - CAT37 04/25/2024 14:34 (csvcm36c-7) $
\o Sub version:		sub-version  s364 
\o Arguments:		-mpssession virtuoso64712 -mpshost ece-lnx-02 
\o Working Directory:	ece-lnx-02:/ecel/UFAD/harshitraj/Desktop/SRAM
\o 64-bit offsets
\o Qt version: 		5.9.1
\o Log file is "/ecel/UFAD/harshitraj/Desktop/SRAM/libManager.log".
\o Opening libManager window.
\a nrSetCurrentWindow(cdsLibManager)
\a nrResizeWindow(cdsLibManager list(654 271 657 491))
\o MPS virtuoso types registered: 65
\o changeWorkingDir("/ecel/UFAD/harshitraj/Desktop/SRAM") unnecessary.
\o ddSetForcedLib("") unnecessary.
\o MPS service: map window
\o Library Manager customization server connected.
\a cdsLibManager->libListBox->value = "SRAM"
\a cdsLibManager->libLineEdit->value = "SRAM"
\a cdsLibManager->cellListBox->value = "2nand"
\a cdsLibManager->cellLineEdit->value = "2nand"
\a cdsLibManager->cellListBox->value = "3nand"
\a cdsLibManager->cellLineEdit->value = "3nand"
\a cdsLibManager->cellLineEdit->value = ""
\a cdsLibManager->cellListBox->value = nil
\a cdsLibManager->cellListBox->value = "columndecoder"
\a cdsLibManager->cellLineEdit->value = "columndecoder"
\a cdsLibManager->cellListBox->value = "inverter"
\a cdsLibManager->cellLineEdit->value = "inverter"
\a cdsLibManager->cellListBox->value = "precharge"
\a cdsLibManager->cellLineEdit->value = "precharge"
\a cdsLibManager->cellListBox->value = "read_write"
\a cdsLibManager->cellLineEdit->value = "read_write"
\a cdsLibManager->cellListBox->value = "rowdecoder"
\a cdsLibManager->cellLineEdit->value = "rowdecoder"
\a cdsLibManager->cellListBox->value = "senseamp"
\a cdsLibManager->cellLineEdit->value = "senseamp"
\a cdsLibManager->cellListBox->value = "sram_final"
\a cdsLibManager->cellLineEdit->value = "sram_final"
\a cdsLibManager->cellListBox->value = "sram_final_test1"
\a cdsLibManager->cellLineEdit->value = "sram_final_test1"
\a cdsLibManager->viewListBox->value = "schematic"
\a cdsLibManager->viewLineEdit->value = "schematic"
\a cdsLibManager->cellListBox->value = "sram_test1"
\a cdsLibManager->cellLineEdit->value = "sram_test1"
\a cdsLibManager->viewLineEdit->value = ""
\a cdsLibManager->viewListBox->value = nil
\a cdsLibManager->viewListBox->value = "schematic"
\a cdsLibManager->viewLineEdit->value = "schematic"
\a cdsLibManager->cellListBox->value = "sramcell"
\a cdsLibManager->cellLineEdit->value = "sramcell"
\a cdsLibManager->viewLineEdit->value = ""
\a cdsLibManager->viewListBox->value = nil
\a cdsLibManager->viewListBox->value = "schematic"
\a cdsLibManager->viewLineEdit->value = "schematic"
\a nrSetWindowVisibility(cdsLibManager "hide")
\a _lmgrCloseIconify("cdsLibManager" 1)
\o MPS service: shutdown
\o libManager is exiting.
\a exit(0)
